android/app/build/intermediates/manifest_merge_blame_file/debug/processDebugMainManifest/manifest-merger-blame-debug-report.txt
1<?xml version="1.0" encoding="utf-8"?>
2<manifest xmlns:android="http://schemas.android.com/apk/res/android"
3    package="com.steady.phone"
4    android:versionCode="1"
5    android:versionName="1.0" >
6
7    <uses-sdk
8        android:minSdkVersion="26"
9        android:targetSdkVersion="34" />
10
11    <uses-permission android:name="android.permission.INTERNET" />
11-->src\main\AndroidManifest.xml:4:5-67
11-->src\main\AndroidManifest.xml:4:22-64
12    <uses-permission android:name="android.permission.WAKE_LOCK" />
12-->src\main\AndroidManifest.xml:5:5-68
12-->src\main\AndroidManifest.xml:5:22-65
13    <uses-permission android:name="android.permission.FOREGROUND_SERVICE" />
13-->src\main\AndroidManifest.xml:6:5-77
13-->src\main\AndroidManifest.xml:6:22-74
14    <uses-permission android:name="android.permission.FOREGROUND_SERVICE_DATA_SYNC" />
14-->src\main\AndroidManifest.xml:7:5-87
14-->src\main\AndroidManifest.xml:7:22-84
15    <uses-permission android:name="android.permission.POST_NOTIFICATIONS" />
15-->src\main\AndroidManifest.xml:8:5-77
15-->src\main\AndroidManifest.xml:8:22-74
16
17    <!-- Bluetooth transport (RFCOMM/SPP to the paired laptop) -->
18    <uses-permission
18-->src\main\AndroidManifest.xml:11:5-95
19        android:name="android.permission.BLUETOOTH"
19-->src\main\AndroidManifest.xml:11:22-65
20        android:maxSdkVersion="30" />
20-->src\main\AndroidManifest.xml:11:66-92
21    <uses-permission
21-->src\main\AndroidManifest.xml:12:5-101
22        android:name="android.permission.BLUETOOTH_ADMIN"
22-->src\main\AndroidManifest.xml:12:22-71
23        android:maxSdkVersion="30" />
23-->src\main\AndroidManifest.xml:12:72-98
24    <uses-permission android:name="android.permission.BLUETOOTH_CONNECT" />
24-->src\main\AndroidManifest.xml:13:5-76
24-->src\main\AndroidManifest.xml:13:22-73
25
26    <application
26-->src\main\AndroidManifest.xml:15:5-43:19
27        android:allowBackup="true"
27-->src\main\AndroidManifest.xml:16:9-35
28        android:debuggable="true"
29        android:extractNativeLibs="false"
30        android:icon="@android:drawable/ic_menu_compass"
30-->src\main\AndroidManifest.xml:17:9-57
31        android:label="Steady Phone"
31-->src\main\AndroidManifest.xml:18:9-37
32        android:supportsRtl="true"
32-->src\main\AndroidManifest.xml:19:9-35
33        android:theme="@android:style/Theme.Material.Light" >
33-->src\main\AndroidManifest.xml:20:9-60
34        <activity
34-->src\main\AndroidManifest.xml:22:9-37:20
35            android:name="com.steady.phone.MainActivity"
35-->src\main\AndroidManifest.xml:23:13-41
36            android:exported="true"
36-->src\main\AndroidManifest.xml:25:13-36
37            android:launchMode="singleTop" >
37-->src\main\AndroidManifest.xml:24:13-43
38            <intent-filter>
38-->src\main\AndroidManifest.xml:26:13-29:29
39                <action android:name="android.intent.action.MAIN" />
39-->src\main\AndroidManifest.xml:27:17-69
39-->src\main\AndroidManifest.xml:27:25-66
40
41                <category android:name="android.intent.category.LAUNCHER" />
41-->src\main\AndroidManifest.xml:28:17-77
41-->src\main\AndroidManifest.xml:28:27-74
42            </intent-filter>
43            <!-- QR/link deep link: steady://connect?host=<ip>&port=<port> opens the app pre-filled -->
44            <intent-filter>
44-->src\main\AndroidManifest.xml:31:13-36:29
45                <action android:name="android.intent.action.VIEW" />
45-->src\main\AndroidManifest.xml:32:17-69
45-->src\main\AndroidManifest.xml:32:25-66
46
47                <category android:name="android.intent.category.DEFAULT" />
47-->src\main\AndroidManifest.xml:33:17-76
47-->src\main\AndroidManifest.xml:33:27-73
48                <category android:name="android.intent.category.BROWSABLE" />
48-->src\main\AndroidManifest.xml:34:17-78
48-->src\main\AndroidManifest.xml:34:27-75
49
50                <data
50-->src\main\AndroidManifest.xml:35:17-72
51                    android:host="connect"
51-->src\main\AndroidManifest.xml:35:47-69
52                    android:scheme="steady" />
52-->src\main\AndroidManifest.xml:35:23-46
53            </intent-filter>
54        </activity>
55
56        <service
56-->src\main\AndroidManifest.xml:39:9-42:56
57            android:name="com.steady.phone.SensorService"
57-->src\main\AndroidManifest.xml:40:13-42
58            android:exported="false"
58-->src\main\AndroidManifest.xml:41:13-37
59            android:foregroundServiceType="dataSync" />
59-->src\main\AndroidManifest.xml:42:13-53
60    </application>
61
62</manifest>